<?xml version="1.0" encoding="utf-8"?><testsuites name="pytest tests"><testsuite name="pytest" errors="0" failures="0" skipped="0" tests="9" time="1.115" timestamp="2026-06-09T18:46:47.719045+00:00" hostname="agent-env-95ff1602-8c6f-43b4-921e-d01acdcf5d1a"><testcase classname="backend.tests.test_waitlist.TestWaitlistJoin" name="test_happy_path_new_signup" time="0.009" /><testcase classname="backend.tests.test_waitlist.TestWaitlistJoin" name="test_idempotent_same_email_updates_city" time="0.089" /><testcase classname="backend.tests.test_waitlist.TestWaitlistJoin" name="test_invalid_email_returns_422" time="0.050" /><testcase classname="backend.tests.test_waitlist.TestWaitlistJoin" name="test_short_city_returns_422" time="0.042" /><testcase classname="backend.tests.test_waitlist.TestWaitlistJoin" name="test_existing_seed_email_already_joined" time="0.043" /><testcase classname="backend.tests.test_waitlist.TestAdminWaitlist" name="test_admin_can_list" time="0.310" /><testcase classname="backend.tests.test_waitlist.TestAdminWaitlist" name="test_citizen_gets_403" time="0.308" /><testcase classname="backend.tests.test_waitlist.TestAdminWaitlist" name="test_unauthenticated_blocked" time="0.002" /><testcase classname="backend.tests.test_waitlist.TestUniqueEmailIndex" name="test_no_duplicate_insertion_error" time="0.176" /></testsuite></testsuites>