<?xml version="1.0" encoding="utf-8"?><testsuites name="pytest tests"><testsuite name="pytest" errors="0" failures="0" skipped="1" tests="23" time="10.578" timestamp="2026-06-09T16:34:12.335026+00:00" hostname="agent-env-95ff1602-8c6f-43b4-921e-d01acdcf5d1a"><testcase classname="backend.tests.test_publicos_v2" name="test_upload_png" time="0.848" /><testcase classname="backend.tests.test_publicos_v2" name="test_upload_rejects_non_image" time="0.111" /><testcase classname="backend.tests.test_publicos_v2" name="test_upload_rejects_oversize" time="0.807" /><testcase classname="backend.tests.test_publicos_v2" name="test_upload_requires_auth" time="0.126" /><testcase classname="backend.tests.test_publicos_v2" name="test_serve_uploaded_file" time="0.234" /><testcase classname="backend.tests.test_publicos_v2" name="test_serve_missing_file_404" time="0.137" /><testcase classname="backend.tests.test_publicos_v2" name="test_create_issue_with_photo" time="0.128" /><testcase classname="backend.tests.test_publicos_v2" name="test_admin_approve_issue" time="0.464" /><testcase classname="backend.tests.test_publicos_v2" name="test_closure_non_owner_forbidden" time="0.114" /><testcase classname="backend.tests.test_publicos_v2" name="test_closure_owner_can_request" time="0.249" /><testcase classname="backend.tests.test_publicos_v2" name="test_closure_decision_requires_official_or_admin" time="0.122" /><testcase classname="backend.tests.test_publicos_v2" name="test_closure_reject_reopens" time="0.162" /><testcase classname="backend.tests.test_publicos_v2" name="test_closure_request_again_and_approve" time="0.379" /><testcase classname="backend.tests.test_publicos_v2" name="test_official_me" time="0.507" /><testcase classname="backend.tests.test_publicos_v2" name="test_official_issues_scoped" time="0.123" /><testcase classname="backend.tests.test_publicos_v2" name="test_official_status_rejects_closed" time="1.222" /><testcase classname="backend.tests.test_publicos_v2" name="test_official_outside_jurisdiction" time="1.000" /><testcase classname="backend.tests.test_publicos_v2" name="test_admin_promote_and_revoke_official" time="0.787" /><testcase classname="backend.tests.test_publicos_v2" name="test_reset_validate_invalid_token" time="0.106" /><testcase classname="backend.tests.test_publicos_v2" name="test_reset_validate_valid_token" time="0.000"><skipped type="pytest.skip" message="valid-token positive test requires DB access; covered indirectly by reset-password flow">/app/backend/tests/test_publicos_v2.py:315: valid-token positive test requires DB access; covered indirectly by reset-password flow</skipped></testcase><testcase classname="backend.tests.test_publicos_v2" name="test_ai_classify_streetlight" time="2.490" /><testcase classname="backend.tests.test_publicos_v2" name="test_ai_classify_requires_auth" time="0.113" /><testcase classname="backend.tests.test_publicos_v2" name="test_admin_analytics_has_closure_fields" time="0.256" /></testsuite></testsuites>