<?xml version="1.0" encoding="utf-8"?><testsuites name="pytest tests"><testsuite name="pytest" errors="0" failures="0" skipped="0" tests="12" time="3.388" timestamp="2026-06-10T05:52:06.257726+00:00" hostname="agent-env-95ff1602-8c6f-43b4-921e-d01acdcf5d1a"><testcase classname="backend.tests.test_firebase_auth.TestPublicEndpoints" name="test_root" time="0.154" /><testcase classname="backend.tests.test_firebase_auth.TestPublicEndpoints" name="test_issues_public" time="0.122" /><testcase classname="backend.tests.test_firebase_auth.TestPublicEndpoints" name="test_waitlist_unauth" time="0.151" /><testcase classname="backend.tests.test_firebase_auth.TestFirebaseAuth" name="test_invalid_token_rejected" time="0.142" /><testcase classname="backend.tests.test_firebase_auth.TestFirebaseAuth" name="test_login_seeded_user[admin]" time="0.245" /><testcase classname="backend.tests.test_firebase_auth.TestFirebaseAuth" name="test_login_seeded_user[citizen]" time="0.256" /><testcase classname="backend.tests.test_firebase_auth.TestFirebaseAuth" name="test_login_seeded_user[official]" time="0.191" /><testcase classname="backend.tests.test_firebase_auth.TestFirebaseAuth" name="test_auth_me_with_jwt" time="0.339" /><testcase classname="backend.tests.test_firebase_auth.TestFirebaseAuth" name="test_auth_me_without_token_401" time="0.101" /><testcase classname="backend.tests.test_firebase_auth.TestFirebaseAuth" name="test_logout" time="0.303" /><testcase classname="backend.tests.test_firebase_auth.TestRegistration" name="test_new_user_register_and_persist" time="0.523" /><testcase classname="backend.tests.test_firebase_auth.TestModerationFlow" name="test_citizen_submit_then_admin_approve" time="0.786" /></testsuite></testsuites>