<?xml version="1.0" encoding="utf-8"?><testsuites name="pytest tests"><testsuite name="pytest" errors="0" failures="0" skipped="0" tests="29" time="6.286" timestamp="2026-06-09T14:27:32.715059+00:00" hostname="agent-env-95ff1602-8c6f-43b4-921e-d01acdcf5d1a"><testcase classname="backend.tests.test_publicos_api" name="test_health_root" time="0.187" /><testcase classname="backend.tests.test_publicos_api" name="test_register_citizen" time="0.283" /><testcase classname="backend.tests.test_publicos_api" name="test_register_duplicate_email" time="0.060" /><testcase classname="backend.tests.test_publicos_api" name="test_admin_login" time="0.278" /><testcase classname="backend.tests.test_publicos_api" name="test_login_invalid_credentials" time="0.279" /><testcase classname="backend.tests.test_publicos_api" name="test_me_authenticated" time="0.108" /><testcase classname="backend.tests.test_publicos_api" name="test_me_unauthenticated" time="0.207" /><testcase classname="backend.tests.test_publicos_api" name="test_forgot_password_existing" time="0.411" /><testcase classname="backend.tests.test_publicos_api" name="test_forgot_password_nonexistent" time="0.052" /><testcase classname="backend.tests.test_publicos_api" name="test_reset_password_invalid_token" time="0.056" /><testcase classname="backend.tests.test_publicos_api" name="test_create_issue_requires_auth" time="0.114" /><testcase classname="backend.tests.test_publicos_api" name="test_create_issue_as_citizen" time="0.116" /><testcase classname="backend.tests.test_publicos_api" name="test_list_issues_only_approved" time="0.128" /><testcase classname="backend.tests.test_publicos_api" name="test_list_issues_filters" time="0.420" /><testcase classname="backend.tests.test_publicos_api" name="test_get_issue_detail_demo" time="0.125" /><testcase classname="backend.tests.test_publicos_api" name="test_get_issue_404" time="0.112" /><testcase classname="backend.tests.test_publicos_api" name="test_upvote_requires_auth" time="0.129" /><testcase classname="backend.tests.test_publicos_api" name="test_upvote_toggle" time="0.238" /><testcase classname="backend.tests.test_publicos_api" name="test_comment_requires_auth" time="0.106" /><testcase classname="backend.tests.test_publicos_api" name="test_comment_create_and_list" time="0.471" /><testcase classname="backend.tests.test_publicos_api" name="test_me_issues" time="0.116" /><testcase classname="backend.tests.test_publicos_api" name="test_admin_endpoints_forbidden_for_citizen" time="0.338" /><testcase classname="backend.tests.test_publicos_api" name="test_admin_endpoints_require_auth" time="0.334" /><testcase classname="backend.tests.test_publicos_api" name="test_admin_list_issues_includes_pending" time="0.111" /><testcase classname="backend.tests.test_publicos_api" name="test_admin_approve_makes_issue_public" time="0.715" /><testcase classname="backend.tests.test_publicos_api" name="test_admin_reject_flow" time="0.361" /><testcase classname="backend.tests.test_publicos_api" name="test_admin_users_no_password_hash" time="0.100" /><testcase classname="backend.tests.test_publicos_api" name="test_admin_analytics" time="0.115" /><testcase classname="backend.tests.test_publicos_api" name="test_demo_issues_seeded" time="0.114" /></testsuite></testsuites>